2018-04-24 19:51:17,296 INFO  [Log] **************************************************************************************** 
2018-04-24 19:51:17,298 INFO  [Log] **************************************************************************************** 
2018-04-24 19:51:17,298 INFO  [Log] $$$$$$$$$$$$$$$$$$$$$                 LogIn_01       $$$$$$$$$$$$$$$$$$$$$$$$$ 
2018-04-24 19:51:17,298 INFO  [Log] **************************************************************************************** 
2018-04-24 19:51:17,298 INFO  [Log] **************************************************************************************** 
2018-04-24 19:51:17,306 INFO  [Log] Opening Browser 
2018-04-24 19:51:25,849 INFO  [Log] IE browser started 
2018-04-24 19:51:26,427 INFO  [Log] Navigating to URL 
2018-04-24 19:51:34,785 INFO  [Log] Entering the text in txtbx_Email 
2018-04-24 19:51:36,733 INFO  [Log] Entering the text in txtbx_Password 
2018-04-24 19:51:47,274 ERROR [Log] Not able to Enter UserName --- Unable to find element with xpath == .//input[@id='PASSWORD'] (WARNING: The server did not provide any stacktrace information)
Command duration or timeout: 10.47 seconds
For documentation on this error, please visit: http://seleniumhq.org/exceptions/no_such_element.html
Build info: version: '2.53.1', revision: 'a36b8b1', time: '2016-06-30 17:37:03'
System info: host: 'XX0902000250', ip: '148.147.139.212', os.name: 'Windows 10', os.arch: 'amd64', os.version: '10.0', java.version: '1.8.0_144'
Driver info: org.openqa.selenium.ie.InternetExplorerDriver
Capabilities [{browserAttachTimeout=0, ie.enableFullPageScreenshot=true, enablePersistentHover=true, ie.forceCreateProcessApi=false, ie.forceShellWindowsApi=false, pageLoadStrategy=normal, ignoreZoomSetting=false, ie.fileUploadDialogTimeout=3000, version=11, platform=WINDOWS, proxy={proxyType=}, nativeEvents=true, ie.ensureCleanSession=false, elementScrollBehavior=0, ie.browserCommandLineSwitches=, requireWindowFocus=false, browserName=internet explorer, initialBrowserUrl=http://localhost:21728/, javascriptEnabled=true, ignoreProtectedModeSettings=true, enableElementCacheCleanup=true, unexpectedAlertBehaviour=dismiss}]
Session ID: eed46bfb-3ef1-4d7d-80c6-576f547be21f
*** Element info: {Using=xpath, value=.//input[@id='PASSWORD']} 
2018-04-24 19:51:47,420 INFO  [Log] Closing the browser 
2018-04-24 19:51:50,104 INFO  [Log] XXXXXXXXXXXXXXXXXXXXXXX             -E---N---D-             XXXXXXXXXXXXXXXXXXXXXX 
2018-04-24 19:51:50,104 INFO  [Log] X 
2018-04-24 19:51:50,104 INFO  [Log] X 
2018-04-24 19:51:50,104 INFO  [Log] X 
2018-04-24 19:51:50,104 INFO  [Log] X 
2018-04-24 19:51:50,105 INFO  [Log] **************************************************************************************** 
2018-04-24 19:51:50,105 INFO  [Log] **************************************************************************************** 
2018-04-24 19:51:50,105 INFO  [Log] $$$$$$$$$$$$$$$$$$$$$                 LogIn_02       $$$$$$$$$$$$$$$$$$$$$$$$$ 
2018-04-24 19:51:50,105 INFO  [Log] **************************************************************************************** 
2018-04-24 19:51:50,105 INFO  [Log] **************************************************************************************** 
2018-04-24 19:51:50,110 ERROR [Log] Class Utils | Method getCellData | Exception desc : null 
2018-04-24 19:51:50,110 INFO  [Log] Opening Browser 
2018-04-24 19:51:54,708 INFO  [Log] IE browser started 
2018-04-24 19:51:54,820 INFO  [Log] Navigating to URL 
2018-04-24 19:52:02,709 INFO  [Log] Entering the text in txtbx_Email 
2018-04-24 19:52:03,961 INFO  [Log] Entering the text in txtbx_Password 
2018-04-24 19:52:14,107 ERROR [Log] Not able to Enter UserName --- Unable to find element with xpath == .//input[@id='PASSWORD'] (WARNING: The server did not provide any stacktrace information)
Command duration or timeout: 10.14 seconds
For documentation on this error, please visit: http://seleniumhq.org/exceptions/no_such_element.html
Build info: version: '2.53.1', revision: 'a36b8b1', time: '2016-06-30 17:37:03'
System info: host: 'XX0902000250', ip: '148.147.139.212', os.name: 'Windows 10', os.arch: 'amd64', os.version: '10.0', java.version: '1.8.0_144'
Driver info: org.openqa.selenium.ie.InternetExplorerDriver
Capabilities [{browserAttachTimeout=0, ie.enableFullPageScreenshot=true, enablePersistentHover=true, ie.forceCreateProcessApi=false, ie.forceShellWindowsApi=false, pageLoadStrategy=normal, ignoreZoomSetting=false, ie.fileUploadDialogTimeout=3000, version=11, platform=WINDOWS, proxy={proxyType=}, nativeEvents=true, ie.ensureCleanSession=false, elementScrollBehavior=0, ie.browserCommandLineSwitches=, requireWindowFocus=false, browserName=internet explorer, initialBrowserUrl=http://localhost:22875/, javascriptEnabled=true, ignoreProtectedModeSettings=true, enableElementCacheCleanup=true, unexpectedAlertBehaviour=dismiss}]
Session ID: 96067e64-b77f-4452-a037-56a19096d696
*** Element info: {Using=xpath, value=.//input[@id='PASSWORD']} 
2018-04-24 19:52:14,250 INFO  [Log] Closing the browser 
2018-04-24 19:52:15,772 INFO  [Log] XXXXXXXXXXXXXXXXXXXXXXX             -E---N---D-             XXXXXXXXXXXXXXXXXXXXXX 
2018-04-24 19:52:15,772 INFO  [Log] X 
2018-04-24 19:52:15,772 INFO  [Log] X 
2018-04-24 19:52:15,772 INFO  [Log] X 
2018-04-24 19:52:15,772 INFO  [Log] X 
2018-04-24 19:55:25,408 INFO  [Log] **************************************************************************************** 
2018-04-24 19:55:25,409 INFO  [Log] **************************************************************************************** 
2018-04-24 19:55:25,410 INFO  [Log] $$$$$$$$$$$$$$$$$$$$$                 LogIn_01       $$$$$$$$$$$$$$$$$$$$$$$$$ 
2018-04-24 19:55:25,410 INFO  [Log] **************************************************************************************** 
2018-04-24 19:55:25,410 INFO  [Log] **************************************************************************************** 
2018-04-24 19:57:21,933 INFO  [Log] Opening Browser 
2018-04-24 19:57:32,276 INFO  [Log] IE browser started 
2018-04-24 19:57:59,880 INFO  [Log] Navigating to URL 
2018-04-24 19:58:08,678 INFO  [Log] Entering the text in txtbx_Email 
2018-04-24 19:58:10,565 INFO  [Log] Entering the text in txtbx_Password 
2018-04-24 19:58:20,940 ERROR [Log] Not able to Enter UserName --- Unable to find element with xpath == .//input[@id='PASSWORD'] (WARNING: The server did not provide any stacktrace information)
Command duration or timeout: 10.35 seconds
For documentation on this error, please visit: http://seleniumhq.org/exceptions/no_such_element.html
Build info: version: '2.53.1', revision: 'a36b8b1', time: '2016-06-30 17:37:03'
System info: host: 'XX0902000250', ip: '148.147.139.212', os.name: 'Windows 10', os.arch: 'amd64', os.version: '10.0', java.version: '1.8.0_144'
Driver info: org.openqa.selenium.ie.InternetExplorerDriver
Capabilities [{browserAttachTimeout=0, ie.enableFullPageScreenshot=true, enablePersistentHover=true, ie.forceCreateProcessApi=false, ie.forceShellWindowsApi=false, pageLoadStrategy=normal, ignoreZoomSetting=false, ie.fileUploadDialogTimeout=3000, version=11, platform=WINDOWS, proxy={proxyType=}, nativeEvents=true, ie.ensureCleanSession=false, elementScrollBehavior=0, ie.browserCommandLineSwitches=, requireWindowFocus=false, browserName=internet explorer, initialBrowserUrl=http://localhost:11082/, javascriptEnabled=true, ignoreProtectedModeSettings=true, enableElementCacheCleanup=true, unexpectedAlertBehaviour=dismiss}]
Session ID: 33d4e7e1-8a63-4fab-93e2-b88accf9faf3
*** Element info: {Using=xpath, value=.//input[@id='PASSWORD']} 
2018-04-24 19:58:21,072 INFO  [Log] Closing the browser 
2018-04-24 19:58:22,906 INFO  [Log] XXXXXXXXXXXXXXXXXXXXXXX             -E---N---D-             XXXXXXXXXXXXXXXXXXXXXX 
2018-04-24 19:58:22,907 INFO  [Log] X 
2018-04-24 19:58:22,907 INFO  [Log] X 
2018-04-24 19:58:22,907 INFO  [Log] X 
2018-04-24 19:58:22,907 INFO  [Log] X 
2018-04-24 19:58:22,907 INFO  [Log] **************************************************************************************** 
2018-04-24 19:58:22,907 INFO  [Log] **************************************************************************************** 
2018-04-24 19:58:22,907 INFO  [Log] $$$$$$$$$$$$$$$$$$$$$                 LogIn_02       $$$$$$$$$$$$$$$$$$$$$$$$$ 
2018-04-24 19:58:22,907 INFO  [Log] **************************************************************************************** 
2018-04-24 19:58:22,907 INFO  [Log] **************************************************************************************** 
2018-04-24 19:58:22,908 ERROR [Log] Class Utils | Method getCellData | Exception desc : null 
2018-04-24 19:58:22,908 INFO  [Log] Opening Browser 
2018-04-24 19:58:27,481 INFO  [Log] IE browser started 
2018-04-24 19:58:27,624 INFO  [Log] Navigating to URL 
2018-04-24 19:58:35,521 INFO  [Log] Entering the text in txtbx_Email 
2018-04-24 19:58:36,970 INFO  [Log] Entering the text in txtbx_Password 
2018-04-24 19:58:47,493 ERROR [Log] Not able to Enter UserName --- Unable to find element with xpath == .//input[@id='PASSWORD'] (WARNING: The server did not provide any stacktrace information)
Command duration or timeout: 10.52 seconds
For documentation on this error, please visit: http://seleniumhq.org/exceptions/no_such_element.html
Build info: version: '2.53.1', revision: 'a36b8b1', time: '2016-06-30 17:37:03'
System info: host: 'XX0902000250', ip: '148.147.139.212', os.name: 'Windows 10', os.arch: 'amd64', os.version: '10.0', java.version: '1.8.0_144'
Driver info: org.openqa.selenium.ie.InternetExplorerDriver
Capabilities [{browserAttachTimeout=0, ie.enableFullPageScreenshot=true, enablePersistentHover=true, ie.forceCreateProcessApi=false, ie.forceShellWindowsApi=false, pageLoadStrategy=normal, ignoreZoomSetting=false, ie.fileUploadDialogTimeout=3000, version=11, platform=WINDOWS, proxy={proxyType=}, nativeEvents=true, ie.ensureCleanSession=false, elementScrollBehavior=0, ie.browserCommandLineSwitches=, requireWindowFocus=false, browserName=internet explorer, initialBrowserUrl=http://localhost:45186/, javascriptEnabled=true, ignoreProtectedModeSettings=true, enableElementCacheCleanup=true, unexpectedAlertBehaviour=dismiss}]
Session ID: 61294667-7a78-4941-a758-8c38b0584cad
*** Element info: {Using=xpath, value=.//input[@id='PASSWORD']} 
2018-04-24 19:58:47,614 INFO  [Log] Closing the browser 
2018-04-24 19:58:49,164 INFO  [Log] XXXXXXXXXXXXXXXXXXXXXXX             -E---N---D-             XXXXXXXXXXXXXXXXXXXXXX 
2018-04-24 19:58:49,164 INFO  [Log] X 
2018-04-24 19:58:49,165 INFO  [Log] X 
2018-04-24 19:58:49,165 INFO  [Log] X 
2018-04-24 19:58:49,165 INFO  [Log] X 
2018-04-24 20:03:04,523 INFO  [Log] **************************************************************************************** 
2018-04-24 20:03:04,524 INFO  [Log] **************************************************************************************** 
2018-04-24 20:03:04,524 INFO  [Log] $$$$$$$$$$$$$$$$$$$$$                 LogIn_01       $$$$$$$$$$$$$$$$$$$$$$$$$ 
2018-04-24 20:03:04,524 INFO  [Log] **************************************************************************************** 
2018-04-24 20:03:04,524 INFO  [Log] **************************************************************************************** 
2018-04-24 20:03:04,527 INFO  [Log] Opening Browser 
2018-04-24 20:03:11,098 INFO  [Log] IE browser started 
2018-04-24 20:03:11,434 INFO  [Log] Navigating to URL 
2018-04-24 20:03:18,774 INFO  [Log] Entering the text in txtbx_Email 
2018-04-24 20:03:20,057 INFO  [Log] Entering the text in txtbx_Password 
2018-04-24 20:03:20,903 INFO  [Log] Clicking on Webelement btn_LogIn 
2018-04-24 20:03:21,688 INFO  [Log] Wait for 5 seconds 
2018-04-24 20:03:26,840 INFO  [Log] Clicking on Webelement btn_LogOut 
2018-04-24 20:03:27,735 INFO  [Log] Closing the browser 
2018-04-24 20:03:30,307 INFO  [Log] XXXXXXXXXXXXXXXXXXXXXXX             -E---N---D-             XXXXXXXXXXXXXXXXXXXXXX 
2018-04-24 20:03:30,308 INFO  [Log] X 
2018-04-24 20:03:30,308 INFO  [Log] X 
2018-04-24 20:03:30,308 INFO  [Log] X 
2018-04-24 20:03:30,308 INFO  [Log] X 
2018-04-24 20:03:30,308 INFO  [Log] **************************************************************************************** 
2018-04-24 20:03:30,308 INFO  [Log] **************************************************************************************** 
2018-04-24 20:03:30,308 INFO  [Log] $$$$$$$$$$$$$$$$$$$$$                 LogIn_02       $$$$$$$$$$$$$$$$$$$$$$$$$ 
2018-04-24 20:03:30,308 INFO  [Log] **************************************************************************************** 
2018-04-24 20:03:30,309 INFO  [Log] **************************************************************************************** 
2018-04-24 20:03:30,309 ERROR [Log] Class Utils | Method getCellData | Exception desc : null 
2018-04-24 20:03:30,310 INFO  [Log] Opening Browser 
2018-04-24 20:03:35,634 INFO  [Log] IE browser started 
2018-04-24 20:03:35,710 INFO  [Log] Navigating to URL 
2018-04-24 20:03:42,938 INFO  [Log] Entering the text in txtbx_Email 
2018-04-24 20:03:44,123 INFO  [Log] Entering the text in txtbx_Password 
2018-04-24 20:03:44,878 INFO  [Log] Clicking on Webelement btn_LogIn 
2018-04-24 20:03:45,556 INFO  [Log] Wait for 5 seconds 
2018-04-24 20:03:50,671 INFO  [Log] Clicking on Webelement btn_LogOut 
2018-04-24 20:03:51,332 INFO  [Log] Closing the browser 
2018-04-24 20:03:52,742 INFO  [Log] XXXXXXXXXXXXXXXXXXXXXXX             -E---N---D-             XXXXXXXXXXXXXXXXXXXXXX 
2018-04-24 20:03:52,742 INFO  [Log] X 
2018-04-24 20:03:52,742 INFO  [Log] X 
2018-04-24 20:03:52,742 INFO  [Log] X 
2018-04-24 20:03:52,742 INFO  [Log] X 
2018-04-25 00:09:21,598 INFO  [Log] **************************************************************************************** 
2018-04-25 00:09:21,610 INFO  [Log] **************************************************************************************** 
2018-04-25 00:09:21,610 INFO  [Log] $$$$$$$$$$$$$$$$$$$$$                 LogIn_01       $$$$$$$$$$$$$$$$$$$$$$$$$ 
2018-04-25 00:09:21,611 INFO  [Log] **************************************************************************************** 
2018-04-25 00:09:21,611 INFO  [Log] **************************************************************************************** 
2018-04-25 00:09:21,613 INFO  [ActionKeywords] Opening Browser 
2018-04-25 00:09:29,023 INFO  [Log] IE browser started 
2018-04-25 00:09:29,665 INFO  [Log] Navigating to URL 
2018-04-25 00:09:39,911 INFO  [Log] Entering the text in txtbx_Email 
2018-04-25 00:09:41,104 INFO  [Log] Entering the text in txtbx_Password 
2018-04-25 00:09:41,804 INFO  [Log] Clicking on Webelement btn_LogIn 
2018-04-25 00:09:42,910 INFO  [Log] Wait for 5 seconds 
2018-04-25 00:09:47,990 INFO  [Log] Clicking on Webelement btn_LogOut 
2018-04-25 00:10:22,223 INFO  [Log] Closing the browser 
2018-04-25 00:10:24,610 INFO  [Log] XXXXXXXXXXXXXXXXXXXXXXX             -E---N---D-             XXXXXXXXXXXXXXXXXXXXXX 
2018-04-25 00:10:24,610 INFO  [Log] X 
2018-04-25 00:10:24,610 INFO  [Log] X 
2018-04-25 00:10:24,610 INFO  [Log] X 
2018-04-25 00:10:24,610 INFO  [Log] X 
2018-04-25 00:10:24,611 INFO  [Log] **************************************************************************************** 
2018-04-25 00:10:24,611 INFO  [Log] **************************************************************************************** 
2018-04-25 00:10:24,611 INFO  [Log] $$$$$$$$$$$$$$$$$$$$$                 LogIn_02       $$$$$$$$$$$$$$$$$$$$$$$$$ 
2018-04-25 00:10:24,611 INFO  [Log] **************************************************************************************** 
2018-04-25 00:10:24,611 INFO  [Log] **************************************************************************************** 
2018-04-25 00:10:24,612 ERROR [Log] Class Utils | Method getCellData | Exception desc : null 
2018-04-25 00:10:24,612 INFO  [ActionKeywords] Opening Browser 
2018-04-25 00:10:29,257 INFO  [Log] IE browser started 
2018-04-25 00:10:29,312 INFO  [Log] Navigating to URL 
2018-04-25 00:10:37,191 INFO  [Log] Entering the text in txtbx_Email 
2018-04-25 00:10:38,035 INFO  [Log] Entering the text in txtbx_Password 
2018-04-25 00:10:38,672 INFO  [Log] Clicking on Webelement btn_LogIn 
2018-04-25 00:14:53,696 INFO  [Log] Wait for 5 seconds 
2018-04-25 00:14:58,835 INFO  [Log] Clicking on Webelement btn_LogOut 
2018-04-25 00:14:59,457 INFO  [Log] Closing the browser 
2018-04-25 00:15:00,767 INFO  [Log] XXXXXXXXXXXXXXXXXXXXXXX             -E---N---D-             XXXXXXXXXXXXXXXXXXXXXX 
2018-04-25 00:15:00,767 INFO  [Log] X 
2018-04-25 00:15:00,767 INFO  [Log] X 
2018-04-25 00:15:00,767 INFO  [Log] X 
2018-04-25 00:15:00,767 INFO  [Log] X 
2018-04-25 00:54:20,455 INFO  [Log] **************************************************************************************** startTestCase 
2018-04-25 00:54:20,479 INFO  [Log] **************************************************************************************** startTestCase 
2018-04-25 00:54:20,480 INFO  [Log] $$$$$$$$$$$$$$$$$$$$$                 LogIn_01       $$$$$$$$$$$$$$$$$$$$$$$$$ startTestCase 
2018-04-25 00:54:20,480 INFO  [Log] **************************************************************************************** startTestCase 
2018-04-25 00:54:20,480 INFO  [Log] **************************************************************************************** startTestCase 
2018-04-25 00:54:20,484 INFO  [ActionKeywords] Opening Browser openBrowser 
2018-04-25 00:54:32,331 INFO  [Log] IE browser started info 
2018-04-25 00:54:32,828 INFO  [Log] Navigating to URL info 
2018-04-25 00:54:42,067 INFO  [Log] Entering the text in txtbx_Email info 
2018-04-25 00:54:43,032 INFO  [Log] Entering the text in txtbx_Password info 
2018-04-25 00:54:43,610 INFO  [Log] Clicking on Webelement btn_LogIn info 
2018-04-25 00:54:44,367 INFO  [Log] Wait for 5 seconds info 
2018-04-25 00:54:49,461 INFO  [Log] Clicking on Webelement btn_LogOut info 
2018-04-25 00:55:03,141 INFO  [Log] Closing the browser info 
2018-04-25 00:55:05,579 INFO  [Log] XXXXXXXXXXXXXXXXXXXXXXX             -E---N---D-             XXXXXXXXXXXXXXXXXXXXXX endTestCase 
2018-04-25 00:55:05,579 INFO  [Log] X endTestCase 
2018-04-25 00:55:05,581 INFO  [Log] X endTestCase 
2018-04-25 00:55:05,581 INFO  [Log] X endTestCase 
2018-04-25 00:55:05,581 INFO  [Log] X endTestCase 
2018-04-25 00:55:05,582 INFO  [Log] **************************************************************************************** startTestCase 
2018-04-25 00:55:05,582 INFO  [Log] **************************************************************************************** startTestCase 
2018-04-25 00:55:05,582 INFO  [Log] $$$$$$$$$$$$$$$$$$$$$                 LogIn_02       $$$$$$$$$$$$$$$$$$$$$$$$$ startTestCase 
2018-04-25 00:55:05,583 INFO  [Log] **************************************************************************************** startTestCase 
2018-04-25 00:55:05,583 INFO  [Log] **************************************************************************************** startTestCase 
2018-04-25 00:55:05,584 ERROR [Log] Class Utils | Method getCellData | Exception desc : null error 
2018-04-25 00:55:05,584 INFO  [ActionKeywords] Opening Browser openBrowser 
2018-04-25 00:55:09,961 INFO  [Log] IE browser started info 
2018-04-25 00:55:10,041 INFO  [Log] Navigating to URL info 
2018-04-25 00:55:18,591 INFO  [Log] Entering the text in txtbx_Email info 
2018-04-25 00:55:19,355 INFO  [Log] Entering the text in txtbx_Password info 
2018-04-25 00:55:19,847 INFO  [Log] Clicking on Webelement btn_LogIn info 
2018-04-25 00:55:20,283 INFO  [Log] Wait for 5 seconds info 
2018-04-25 00:55:25,353 INFO  [Log] Clicking on Webelement btn_LogOut info 
2018-04-25 00:55:37,209 INFO  [Log] Closing the browser info 
2018-04-25 00:55:43,432 INFO  [Log] XXXXXXXXXXXXXXXXXXXXXXX             -E---N---D-             XXXXXXXXXXXXXXXXXXXXXX endTestCase 
2018-04-25 00:55:43,433 INFO  [Log] X endTestCase 
2018-04-25 00:55:43,433 INFO  [Log] X endTestCase 
2018-04-25 00:55:43,433 INFO  [Log] X endTestCase 
2018-04-25 00:55:43,433 INFO  [Log] X endTestCase 
2018-04-25 01:00:37,724 INFO  [Log] **************************************************************************************** startTestCase 
2018-04-25 01:00:37,726 INFO  [Log] **************************************************************************************** startTestCase 
2018-04-25 01:00:37,727 INFO  [Log] $$$$$$$$$$$$$$$$$$$$$                 LogIn_01       $$$$$$$$$$$$$$$$$$$$$$$$$ startTestCase 
2018-04-25 01:00:37,727 INFO  [Log] **************************************************************************************** startTestCase 
2018-04-25 01:00:37,727 INFO  [Log] **************************************************************************************** startTestCase 
2018-04-25 01:00:37,730 INFO  [ActionKeywords] Opening Browser openBrowser 
2018-04-25 01:00:42,459 INFO  [ActionKeywords] IE browser started openBrowser 
2018-04-25 01:00:42,707 INFO  [ActionKeywords] Navigating to URL navigate 
2018-04-25 01:00:51,412 INFO  [ActionKeywords] Entering the text in txtbx_Email input 
2018-04-25 01:00:52,144 INFO  [ActionKeywords] Entering the text in txtbx_Password input 
2018-04-25 01:00:52,690 INFO  [ActionKeywords] Clicking on Webelement btn_LogIn click 
2018-04-25 01:00:53,196 INFO  [ActionKeywords] Wait for 5 seconds waitFor 
2018-04-25 01:00:58,282 INFO  [ActionKeywords] Clicking on Webelement btn_LogOut click 
2018-04-25 01:00:59,035 INFO  [ActionKeywords] Closing the browser closeBrowser 
2018-04-25 01:01:01,089 INFO  [Log] XXXXXXXXXXXXXXXXXXXXXXX             -E---N---D-             XXXXXXXXXXXXXXXXXXXXXX endTestCase 
2018-04-25 01:01:01,090 INFO  [Log] X endTestCase 
2018-04-25 01:01:01,092 INFO  [Log] X endTestCase 
2018-04-25 01:01:01,093 INFO  [Log] X endTestCase 
2018-04-25 01:01:01,093 INFO  [Log] X endTestCase 
2018-04-25 01:01:01,094 INFO  [Log] **************************************************************************************** startTestCase 
2018-04-25 01:01:01,095 INFO  [Log] **************************************************************************************** startTestCase 
2018-04-25 01:01:01,095 INFO  [Log] $$$$$$$$$$$$$$$$$$$$$                 LogIn_02       $$$$$$$$$$$$$$$$$$$$$$$$$ startTestCase 
2018-04-25 01:01:01,096 INFO  [Log] **************************************************************************************** startTestCase 
2018-04-25 01:01:01,096 INFO  [Log] **************************************************************************************** startTestCase 
2018-04-25 01:01:01,097 ERROR [Log] Class Utils | Method getCellData | Exception desc : null error 
2018-04-25 01:01:01,097 INFO  [ActionKeywords] Opening Browser openBrowser 
2018-04-25 01:01:04,565 INFO  [ActionKeywords] IE browser started openBrowser 
2018-04-25 01:01:04,637 INFO  [ActionKeywords] Navigating to URL navigate 
2018-04-25 01:01:12,795 INFO  [ActionKeywords] Entering the text in txtbx_Email input 
2018-04-25 01:01:13,466 INFO  [ActionKeywords] Entering the text in txtbx_Password input 
2018-04-25 01:01:13,981 INFO  [ActionKeywords] Clicking on Webelement btn_LogIn click 
2018-04-25 01:01:20,344 INFO  [ActionKeywords] Wait for 5 seconds waitFor 
2018-04-25 01:01:25,440 INFO  [ActionKeywords] Clicking on Webelement btn_LogOut click 
2018-04-25 01:01:25,816 INFO  [ActionKeywords] Closing the browser closeBrowser 
2018-04-25 01:01:27,129 INFO  [Log] XXXXXXXXXXXXXXXXXXXXXXX             -E---N---D-             XXXXXXXXXXXXXXXXXXXXXX endTestCase 
2018-04-25 01:01:27,129 INFO  [Log] X endTestCase 
2018-04-25 01:01:27,129 INFO  [Log] X endTestCase 
2018-04-25 01:01:27,129 INFO  [Log] X endTestCase 
2018-04-25 01:01:27,130 INFO  [Log] X endTestCase 
2018-04-25 01:10:08,156 INFO  [Log] **************************************************************************************** startTestCase 
2018-04-25 01:10:08,159 INFO  [Log] **************************************************************************************** startTestCase 
2018-04-25 01:10:08,159 INFO  [Log] $$$$$$$$$$$$$$$$$$$$$                 LogIn_01       $$$$$$$$$$$$$$$$$$$$$$$$$ startTestCase 
2018-04-25 01:10:08,159 INFO  [Log] **************************************************************************************** startTestCase 
2018-04-25 01:10:08,160 INFO  [Log] **************************************************************************************** startTestCase 
2018-04-25 01:10:08,163 INFO  [ActionKeywords] Opening Browser openBrowser 
2018-04-25 01:10:12,832 INFO  [ActionKeywords] IE browser started openBrowser 
2018-04-25 01:10:13,102 INFO  [ActionKeywords] Navigating to URL navigate 
2018-04-25 01:10:21,718 INFO  [ActionKeywords] Entering the text in txtbx_Email input 
2018-04-25 01:10:22,497 INFO  [ActionKeywords] Entering the text in txtbx_Password input 
2018-04-25 01:10:23,044 INFO  [ActionKeywords] Clicking on Webelement btn_LogIn click 
2018-04-25 01:10:23,533 INFO  [ActionKeywords] Wait for 5 seconds waitFor 
2018-04-25 01:10:28,654 INFO  [ActionKeywords] Clicking on Webelement btn_LogOut click 
2018-04-25 01:10:29,707 INFO  [ActionKeywords] Closing the browser closeBrowser 
2018-04-25 01:10:31,711 INFO  [Log] XXXXXXXXXXXXXXXXXXXXXXX             -E---N---D-             XXXXXXXXXXXXXXXXXXXXXX endTestCase 
2018-04-25 01:10:31,712 INFO  [Log] X endTestCase 
2018-04-25 01:10:31,714 INFO  [Log] X endTestCase 
2018-04-25 01:10:31,714 INFO  [Log] X endTestCase 
2018-04-25 01:10:31,714 INFO  [Log] X endTestCase 
2018-04-25 01:10:31,715 INFO  [Log] **************************************************************************************** startTestCase 
2018-04-25 01:10:31,715 INFO  [Log] **************************************************************************************** startTestCase 
2018-04-25 01:10:31,715 INFO  [Log] $$$$$$$$$$$$$$$$$$$$$                 LogIn_02       $$$$$$$$$$$$$$$$$$$$$$$$$ startTestCase 
2018-04-25 01:10:31,715 INFO  [Log] **************************************************************************************** startTestCase 
2018-04-25 01:10:31,716 INFO  [Log] **************************************************************************************** startTestCase 
2018-04-25 01:10:31,717 ERROR [Log] Class Utils | Method getCellData | Exception desc : null error 
2018-04-25 01:10:31,717 INFO  [ActionKeywords] Opening Browser openBrowser 
2018-04-25 01:10:35,193 INFO  [ActionKeywords] IE browser started openBrowser 
2018-04-25 01:10:35,262 INFO  [ActionKeywords] Navigating to URL navigate 
2018-04-25 01:10:47,285 INFO  [ActionKeywords] Entering the text in txtbx_Email input 
2018-04-25 01:10:47,966 INFO  [ActionKeywords] Entering the text in txtbx_Password input 
2018-04-25 01:10:48,470 INFO  [ActionKeywords] Clicking on Webelement btn_LogIn click 
2018-04-25 01:10:48,883 INFO  [ActionKeywords] Wait for 5 seconds waitFor 
2018-04-25 01:10:53,956 INFO  [ActionKeywords] Clicking on Webelement btn_LogOut click 
2018-04-25 01:11:05,487 INFO  [ActionKeywords] Closing the browser closeBrowser 
2018-04-25 01:11:06,987 INFO  [Log] XXXXXXXXXXXXXXXXXXXXXXX             -E---N---D-             XXXXXXXXXXXXXXXXXXXXXX endTestCase 
2018-04-25 01:11:06,987 INFO  [Log] X endTestCase 
2018-04-25 01:11:06,987 INFO  [Log] X endTestCase 
2018-04-25 01:11:06,987 INFO  [Log] X endTestCase 
2018-04-25 01:11:06,988 INFO  [Log] X endTestCase 
2018-04-25 01:11:46,068 INFO  [Log] **************************************************************************************** startTestCase 
2018-04-25 01:11:46,071 INFO  [Log] **************************************************************************************** startTestCase 
2018-04-25 01:11:46,071 INFO  [Log] $$$$$$$$$$$$$$$$$$$$$                 LogIn_01       $$$$$$$$$$$$$$$$$$$$$$$$$ startTestCase 
2018-04-25 01:11:46,071 INFO  [Log] **************************************************************************************** startTestCase 
2018-04-25 01:11:46,072 INFO  [Log] **************************************************************************************** startTestCase 
2018-04-25 01:11:46,075 INFO  [ActionKeywords] Opening Browser openBrowser 
2018-04-25 01:11:50,377 INFO  [ActionKeywords] IE browser started openBrowser 
2018-04-25 01:11:50,617 INFO  [ActionKeywords] Navigating to URL navigate 
2018-04-25 01:11:58,773 INFO  [ActionKeywords] Entering the text in txtbx_Email input 
2018-04-25 01:11:59,515 INFO  [ActionKeywords] Entering the text in txtbx_Password input 
2018-04-25 01:12:00,049 INFO  [ActionKeywords] Clicking on Webelement btn_LogIn click 
2018-04-25 01:12:00,493 INFO  [ActionKeywords] Wait for 5 seconds waitFor 
2018-04-25 01:12:05,629 INFO  [ActionKeywords] Clicking on Webelement btn_LogOut click 
2018-04-25 01:12:14,169 INFO  [ActionKeywords] Closing the browser closeBrowser 
2018-04-25 01:12:16,177 INFO  [Log] XXXXXXXXXXXXXXXXXXXXXXX             -E---N---D-             XXXXXXXXXXXXXXXXXXXXXX endTestCase 
2018-04-25 01:12:16,178 INFO  [Log] X endTestCase 
2018-04-25 01:12:16,180 INFO  [Log] X endTestCase 
2018-04-25 01:12:16,181 INFO  [Log] X endTestCase 
2018-04-25 01:12:16,181 INFO  [Log] X endTestCase 
2018-04-25 01:12:16,181 INFO  [Log] **************************************************************************************** startTestCase 
2018-04-25 01:12:16,182 INFO  [Log] **************************************************************************************** startTestCase 
2018-04-25 01:12:16,183 INFO  [Log] $$$$$$$$$$$$$$$$$$$$$                 LogIn_02       $$$$$$$$$$$$$$$$$$$$$$$$$ startTestCase 
2018-04-25 01:12:16,183 INFO  [Log] **************************************************************************************** startTestCase 
2018-04-25 01:12:16,183 INFO  [Log] **************************************************************************************** startTestCase 
2018-04-25 01:12:16,184 ERROR [Log] Class Utils | Method getCellData | Exception desc : null error 
2018-04-25 01:12:16,185 INFO  [ActionKeywords] Opening Browser openBrowser 
2018-04-25 01:12:19,891 INFO  [ActionKeywords] IE browser started openBrowser 
2018-04-25 01:12:19,956 INFO  [ActionKeywords] Navigating to URL navigate 
2018-04-25 01:12:28,494 INFO  [ActionKeywords] Entering the text in txtbx_Email input 
2018-04-25 01:12:29,189 INFO  [ActionKeywords] Entering the text in txtbx_Password input 
2018-04-25 01:12:29,681 INFO  [ActionKeywords] Clicking on Webelement btn_LogIn click 
2018-04-25 01:12:30,092 INFO  [ActionKeywords] Wait for 5 seconds waitFor 
2018-04-25 01:12:35,184 INFO  [ActionKeywords] Clicking on Webelement btn_LogOut click 
2018-04-25 01:12:35,868 INFO  [ActionKeywords] Closing the browser closeBrowser 
2018-04-25 01:12:37,143 INFO  [Log] XXXXXXXXXXXXXXXXXXXXXXX             -E---N---D-             XXXXXXXXXXXXXXXXXXXXXX endTestCase 
2018-04-25 01:12:37,144 INFO  [Log] X endTestCase 
2018-04-25 01:12:37,144 INFO  [Log] X endTestCase 
2018-04-25 01:12:37,145 INFO  [Log] X endTestCase 
2018-04-25 01:12:37,145 INFO  [Log] X endTestCase 
2018-04-25 13:26:39,152 INFO  [Log] **************************************************************************************** startTestCase 
2018-04-25 13:26:39,173 INFO  [Log] **************************************************************************************** startTestCase 
2018-04-25 13:26:39,173 INFO  [Log] $$$$$$$$$$$$$$$$$$$$$                 LogIn_01       $$$$$$$$$$$$$$$$$$$$$$$$$ startTestCase 
2018-04-25 13:26:39,173 INFO  [Log] **************************************************************************************** startTestCase 
2018-04-25 13:26:39,174 INFO  [Log] **************************************************************************************** startTestCase 
2018-04-25 13:26:39,177 INFO  [ActionKeywords] Opening Browser openBrowser 
2018-04-25 13:26:46,044 INFO  [ActionKeywords] IE browser started openBrowser 
2018-04-25 13:26:46,075 INFO  [Log] XXXXXXXXXXXXXXXXXXXXXXX             -E---N---D-             XXXXXXXXXXXXXXXXXXXXXX endTestCase 
2018-04-25 13:26:46,075 INFO  [Log] X endTestCase 
2018-04-25 13:26:46,075 INFO  [Log] X endTestCase 
2018-04-25 13:26:46,075 INFO  [Log] X endTestCase 
2018-04-25 13:26:46,075 INFO  [Log] X endTestCase 
2018-04-25 13:31:05,920 INFO  [Log] **************************************************************************************** startTestCase 
2018-04-25 13:31:05,923 INFO  [Log] **************************************************************************************** startTestCase 
2018-04-25 13:31:05,923 INFO  [Log] $$$$$$$$$$$$$$$$$$$$$                 LogIn_01       $$$$$$$$$$$$$$$$$$$$$$$$$ startTestCase 
2018-04-25 13:31:05,923 INFO  [Log] **************************************************************************************** startTestCase 
2018-04-25 13:31:05,924 INFO  [Log] **************************************************************************************** startTestCase 
2018-04-25 13:31:05,927 INFO  [ActionKeywords] Opening Browser openBrowser 
2018-04-25 13:31:12,308 INFO  [ActionKeywords] IE browser started openBrowser 
2018-04-25 13:31:12,753 INFO  [ActionKeywords] Navigating to URL navigate 
2018-04-25 13:31:20,399 INFO  [ActionKeywords] Entering the text in txtbx_Email input 
2018-04-25 13:31:21,652 INFO  [ActionKeywords] Entering the text in txtbx_Password input 
2018-04-25 13:31:22,422 INFO  [ActionKeywords] Clicking on Webelement btn_LogIn click 
2018-04-25 13:31:29,015 INFO  [ActionKeywords] Wait for 5 seconds waitFor 
2018-04-25 13:31:34,115 INFO  [ActionKeywords] Clicking on Webelement btn_LogOut click 
2018-04-25 13:31:34,866 INFO  [ActionKeywords] Closing the browser closeBrowser 
2018-04-25 13:31:37,251 INFO  [Log] XXXXXXXXXXXXXXXXXXXXXXX             -E---N---D-             XXXXXXXXXXXXXXXXXXXXXX endTestCase 
2018-04-25 13:31:37,252 INFO  [Log] X endTestCase 
2018-04-25 13:31:37,255 INFO  [Log] X endTestCase 
2018-04-25 13:31:37,255 INFO  [Log] X endTestCase 
2018-04-25 13:31:37,256 INFO  [Log] X endTestCase 
2018-04-25 13:33:26,439 INFO  [Log] **************************************************************************************** startTestCase 
2018-04-25 13:33:26,442 INFO  [Log] **************************************************************************************** startTestCase 
2018-04-25 13:33:26,442 INFO  [Log] $$$$$$$$$$$$$$$$$$$$$                 LogIn_02       $$$$$$$$$$$$$$$$$$$$$$$$$ startTestCase 
2018-04-25 13:33:26,442 INFO  [Log] **************************************************************************************** startTestCase 
2018-04-25 13:33:26,443 INFO  [Log] **************************************************************************************** startTestCase 
2018-04-25 13:33:26,445 ERROR [Log] Class Utils | Method getCellData | Exception desc : null error 
2018-04-25 13:33:26,446 INFO  [ActionKeywords] Opening Browser openBrowser 
2018-04-25 13:33:31,105 INFO  [ActionKeywords] IE browser started openBrowser 
2018-04-25 13:33:31,539 INFO  [ActionKeywords] Navigating to URL navigate 
2018-04-25 13:33:38,604 INFO  [ActionKeywords] Entering the text in txtbx_Email input 
2018-04-25 13:33:39,641 INFO  [ActionKeywords] Entering the text in txtbx_Password input 
2018-04-25 13:33:40,336 INFO  [ActionKeywords] Clicking on Webelement btn_LogIn click 
2018-04-25 13:33:40,992 INFO  [ActionKeywords] Wait for 5 seconds waitFor 
2018-04-25 13:33:46,058 INFO  [ActionKeywords] Printing Text present in : lbl_LoggedInUser printText 
2018-04-25 13:33:47,072 INFO  [ActionKeywords] Swapnil Porwal printText 
2018-04-25 13:33:47,149 INFO  [ActionKeywords] Clicking on Webelement btn_LogOut click 
2018-04-25 13:34:08,056 INFO  [ActionKeywords] Closing the browser closeBrowser 
2018-04-25 13:34:09,835 INFO  [Log] XXXXXXXXXXXXXXXXXXXXXXX             -E---N---D-             XXXXXXXXXXXXXXXXXXXXXX endTestCase 
2018-04-25 13:34:09,836 INFO  [Log] X endTestCase 
2018-04-25 13:34:09,836 INFO  [Log] X endTestCase 
2018-04-25 13:34:09,837 INFO  [Log] X endTestCase 
2018-04-25 13:34:09,837 INFO  [Log] X endTestCase 
2018-04-27 15:10:26,033 INFO  [Log] **************************************************************************************** startTestCase 
2018-04-27 15:10:26,048 INFO  [Log] **************************************************************************************** startTestCase 
2018-04-27 15:10:26,049 INFO  [Log] $$$$$$$$$$$$$$$$$$$$$                 LogIn_01       $$$$$$$$$$$$$$$$$$$$$$$$$ startTestCase 
2018-04-27 15:10:26,049 INFO  [Log] **************************************************************************************** startTestCase 
2018-04-27 15:10:26,049 INFO  [Log] **************************************************************************************** startTestCase 
2018-04-27 15:10:26,052 INFO  [ActionKeywords] Opening Browser openBrowser 
2018-04-27 15:10:32,920 INFO  [ActionKeywords] IE browser started openBrowser 
2018-04-27 15:10:33,408 INFO  [ActionKeywords] Navigating to URL navigate 
2018-04-27 15:10:43,319 INFO  [ActionKeywords] Entering the text in txtbx_Email input 
2018-04-27 15:10:44,426 INFO  [ActionKeywords] Entering the text in txtbx_Password input 
2018-04-27 15:10:45,193 INFO  [ActionKeywords] Clicking on Webelement btn_LogIn click 
2018-04-27 15:10:46,093 INFO  [ActionKeywords] Wait for 5 seconds waitFor 
2018-04-27 15:10:51,211 INFO  [ActionKeywords] Clicking on Webelement btn_LogOut click 
2018-04-27 15:11:19,224 INFO  [ActionKeywords] Closing the browser closeBrowser 
2018-04-27 15:11:21,755 INFO  [Log] XXXXXXXXXXXXXXXXXXXXXXX             -E---N---D-             XXXXXXXXXXXXXXXXXXXXXX endTestCase 
2018-04-27 15:11:21,755 INFO  [Log] X endTestCase 
2018-04-27 15:11:21,758 INFO  [Log] X endTestCase 
2018-04-27 15:11:21,758 INFO  [Log] X endTestCase 
2018-04-27 15:11:21,758 INFO  [Log] X endTestCase 
2018-04-27 15:11:21,759 INFO  [Log] **************************************************************************************** startTestCase 
2018-04-27 15:11:21,760 INFO  [Log] **************************************************************************************** startTestCase 
2018-04-27 15:11:21,761 INFO  [Log] $$$$$$$$$$$$$$$$$$$$$                 LogIn_02       $$$$$$$$$$$$$$$$$$$$$$$$$ startTestCase 
2018-04-27 15:11:21,761 INFO  [Log] **************************************************************************************** startTestCase 
2018-04-27 15:11:21,761 INFO  [Log] **************************************************************************************** startTestCase 
2018-04-27 15:11:21,762 ERROR [Log] Class Utils | Method getCellData | Exception desc : null error 
2018-04-27 15:11:21,763 INFO  [ActionKeywords] Opening Browser openBrowser 
2018-04-27 15:11:25,745 INFO  [ActionKeywords] IE browser started openBrowser 
2018-04-27 15:11:25,809 INFO  [ActionKeywords] Navigating to URL navigate 
2018-04-27 15:11:33,257 INFO  [ActionKeywords] Entering the text in txtbx_Email input 
2018-04-27 15:11:34,175 INFO  [ActionKeywords] Entering the text in txtbx_Password input 
2018-04-27 15:11:34,856 INFO  [ActionKeywords] Clicking on Webelement btn_LogIn click 
2018-04-27 15:11:35,463 INFO  [ActionKeywords] Wait for 5 seconds waitFor 
2018-04-27 15:11:40,544 INFO  [ActionKeywords] Printing Text present in : lbl_LoggedInUser printText 
2018-04-27 15:11:40,875 INFO  [ActionKeywords] Swapnil Porwal printText 
2018-04-27 15:11:40,923 INFO  [ActionKeywords] Clicking on Webelement btn_LogOut click 
2018-04-27 15:11:56,048 INFO  [ActionKeywords] Closing the browser closeBrowser 
2018-04-27 15:11:57,251 INFO  [Log] XXXXXXXXXXXXXXXXXXXXXXX             -E---N---D-             XXXXXXXXXXXXXXXXXXXXXX endTestCase 
2018-04-27 15:11:57,252 INFO  [Log] X endTestCase 
2018-04-27 15:11:57,254 INFO  [Log] X endTestCase 
2018-04-27 15:11:57,254 INFO  [Log] X endTestCase 
2018-04-27 15:11:57,254 INFO  [Log] X endTestCase 
2018-04-27 16:31:30,976 INFO  [Log] **************************************************************************************** startTestCase 
2018-04-27 16:31:30,979 INFO  [Log] **************************************************************************************** startTestCase 
2018-04-27 16:31:30,979 INFO  [Log] $$$$$$$$$$$$$$$$$$$$$                 LogIn_01       $$$$$$$$$$$$$$$$$$$$$$$$$ startTestCase 
2018-04-27 16:31:30,980 INFO  [Log] **************************************************************************************** startTestCase 
2018-04-27 16:31:30,980 INFO  [Log] **************************************************************************************** startTestCase 
2018-04-27 16:31:30,982 INFO  [ActionKeywords] Opening Browser openBrowser 
2018-04-27 16:31:38,435 INFO  [ActionKeywords] IE browser started openBrowser 
2018-04-27 16:31:38,701 INFO  [ActionKeywords] Navigating to URL navigate 
2018-04-27 16:31:46,671 INFO  [ActionKeywords] Entering the text in txtbx_Email input 
2018-04-27 16:31:46,673 ERROR [Log] Not able to Enter UserName --- null error 
2018-04-27 16:31:46,775 INFO  [ActionKeywords] Entering the text in txtbx_Password input 
2018-04-27 16:31:46,775 ERROR [Log] Not able to Enter UserName --- null error 
2018-04-27 16:31:46,859 INFO  [ActionKeywords] Clicking on Webelement btn_LogIn click 
2018-04-27 16:31:46,860 ERROR [Log] Not able to click --- null error 
2018-04-27 16:31:46,951 INFO  [ActionKeywords] Wait for 5 seconds waitFor 
2018-04-27 16:31:52,084 INFO  [ActionKeywords] Clicking on Webelement btn_LogOut click 
2018-04-27 16:31:52,086 ERROR [Log] Not able to click --- null error 
2018-04-27 16:31:52,170 INFO  [ActionKeywords] Closing the browser closeBrowser 
2018-04-27 16:31:53,495 INFO  [Log] XXXXXXXXXXXXXXXXXXXXXXX             -E---N---D-             XXXXXXXXXXXXXXXXXXXXXX endTestCase 
2018-04-27 16:31:53,495 INFO  [Log] X endTestCase 
2018-04-27 16:31:53,495 INFO  [Log] X endTestCase 
2018-04-27 16:31:53,496 INFO  [Log] X endTestCase 
2018-04-27 16:31:53,496 INFO  [Log] X endTestCase 
2018-04-27 16:31:53,496 INFO  [Log] **************************************************************************************** startTestCase 
2018-04-27 16:31:53,497 INFO  [Log] **************************************************************************************** startTestCase 
2018-04-27 16:31:53,497 INFO  [Log] $$$$$$$$$$$$$$$$$$$$$                 LogIn_02       $$$$$$$$$$$$$$$$$$$$$$$$$ startTestCase 
2018-04-27 16:31:53,497 INFO  [Log] **************************************************************************************** startTestCase 
2018-04-27 16:31:53,498 INFO  [Log] **************************************************************************************** startTestCase 
2018-04-27 16:31:53,499 ERROR [Log] Class Utils | Method getCellData | Exception desc : null error 
2018-04-27 16:31:53,499 INFO  [ActionKeywords] Opening Browser openBrowser 
2018-04-27 16:31:57,359 INFO  [ActionKeywords] IE browser started openBrowser 
2018-04-27 16:31:57,439 INFO  [ActionKeywords] Navigating to URL navigate 
2018-04-27 16:32:04,302 INFO  [ActionKeywords] Entering the text in txtbx_Email input 
2018-04-27 16:32:04,302 ERROR [Log] Not able to Enter UserName --- null error 
2018-04-27 16:32:04,363 INFO  [ActionKeywords] Entering the text in txtbx_Password input 
2018-04-27 16:32:04,363 ERROR [Log] Not able to Enter UserName --- null error 
2018-04-27 16:32:04,417 INFO  [ActionKeywords] Clicking on Webelement btn_LogIn click 
2018-04-27 16:32:04,417 ERROR [Log] Not able to click --- null error 
2018-04-27 16:32:04,471 INFO  [ActionKeywords] Wait for 5 seconds waitFor 
2018-04-27 16:32:09,566 INFO  [ActionKeywords] Printing Text present in : lbl_LoggedInUser printText 
2018-04-27 16:32:09,569 ERROR [Log] Not able to click --- null error 
2018-04-27 16:32:09,655 INFO  [ActionKeywords] Clicking on Webelement btn_LogOut click 
2018-04-27 16:32:09,656 ERROR [Log] Not able to click --- null error 
2018-04-27 16:32:09,732 INFO  [ActionKeywords] Closing the browser closeBrowser 
2018-04-27 16:32:11,216 INFO  [Log] XXXXXXXXXXXXXXXXXXXXXXX             -E---N---D-             XXXXXXXXXXXXXXXXXXXXXX endTestCase 
2018-04-27 16:32:11,216 INFO  [Log] X endTestCase 
2018-04-27 16:32:11,217 INFO  [Log] X endTestCase 
2018-04-27 16:32:11,217 INFO  [Log] X endTestCase 
2018-04-27 16:32:11,230 INFO  [Log] X endTestCase 
2018-04-27 16:33:56,062 INFO  [Log] **************************************************************************************** startTestCase 
2018-04-27 16:33:56,065 INFO  [Log] **************************************************************************************** startTestCase 
2018-04-27 16:33:56,066 INFO  [Log] $$$$$$$$$$$$$$$$$$$$$                 LogIn_01       $$$$$$$$$$$$$$$$$$$$$$$$$ startTestCase 
2018-04-27 16:33:56,066 INFO  [Log] **************************************************************************************** startTestCase 
2018-04-27 16:33:56,066 INFO  [Log] **************************************************************************************** startTestCase 
2018-04-27 16:34:10,369 INFO  [ActionKeywords] Opening Browser openBrowser 
2018-04-27 16:34:17,815 INFO  [ActionKeywords] IE browser started openBrowser 
2018-04-27 16:34:56,704 INFO  [ActionKeywords] Navigating to URL navigate 
2018-04-27 16:35:50,260 INFO  [ActionKeywords] Entering the text in txtbx_Email input 
2018-04-27 16:36:03,754 ERROR [Log] Not able to Enter UserName --- null error 
2018-04-27 16:36:13,382 INFO  [ActionKeywords] Entering the text in txtbx_Password input 
2018-04-27 16:36:13,385 ERROR [Log] Not able to Enter UserName --- null error 
2018-04-27 16:36:14,993 INFO  [ActionKeywords] Clicking on Webelement btn_LogIn click 
2018-04-27 16:36:14,996 ERROR [Log] Not able to click --- null error 
2018-04-27 16:36:16,191 INFO  [ActionKeywords] Wait for 5 seconds waitFor 
2018-04-27 16:36:23,892 INFO  [ActionKeywords] Clicking on Webelement btn_LogOut click 
2018-04-27 16:36:23,898 ERROR [Log] Not able to click --- null error 
2018-04-27 16:42:07,189 INFO  [Log] **************************************************************************************** startTestCase 
2018-04-27 16:42:07,193 INFO  [Log] **************************************************************************************** startTestCase 
2018-04-27 16:42:07,194 INFO  [Log] $$$$$$$$$$$$$$$$$$$$$                 LogIn_01       $$$$$$$$$$$$$$$$$$$$$$$$$ startTestCase 
2018-04-27 16:42:07,194 INFO  [Log] **************************************************************************************** startTestCase 
2018-04-27 16:42:07,194 INFO  [Log] **************************************************************************************** startTestCase 
2018-04-27 16:42:07,198 INFO  [ActionKeywords] Opening Browser openBrowser 
2018-04-27 16:42:13,100 INFO  [ActionKeywords] IE browser started openBrowser 
2018-04-27 16:42:13,409 INFO  [ActionKeywords] Navigating to URL navigate 
2018-04-27 16:42:20,076 INFO  [ActionKeywords] Entering the text in txtbx_Email input 
2018-04-27 16:42:20,078 ERROR [Log] Not able to Enter UserName --- null error 
2018-04-27 16:42:20,171 INFO  [ActionKeywords] Entering the text in txtbx_Password input 
2018-04-27 16:42:20,171 ERROR [Log] Not able to Enter UserName --- null error 
2018-04-27 16:42:20,258 INFO  [ActionKeywords] Clicking on Webelement btn_LogIn click 
2018-04-27 16:42:20,259 ERROR [Log] Not able to click --- null error 
2018-04-27 16:42:20,343 INFO  [ActionKeywords] Wait for 5 seconds waitFor 
2018-04-27 16:42:25,479 INFO  [ActionKeywords] Clicking on Webelement btn_LogOut click 
2018-04-27 16:42:25,482 ERROR [Log] Not able to click --- null error 
2018-04-27 16:42:25,573 INFO  [ActionKeywords] Closing the browser closeBrowser 
2018-04-27 16:42:27,524 INFO  [Log] XXXXXXXXXXXXXXXXXXXXXXX             -E---N---D-             XXXXXXXXXXXXXXXXXXXXXX endTestCase 
2018-04-27 16:42:27,525 INFO  [Log] X endTestCase 
2018-04-27 16:42:27,525 INFO  [Log] X endTestCase 
2018-04-27 16:42:27,525 INFO  [Log] X endTestCase 
2018-04-27 16:42:27,526 INFO  [Log] X endTestCase 
2018-04-27 16:42:27,526 INFO  [Log] **************************************************************************************** startTestCase 
2018-04-27 16:42:27,528 INFO  [Log] **************************************************************************************** startTestCase 
2018-04-27 16:42:27,538 INFO  [Log] $$$$$$$$$$$$$$$$$$$$$                 LogIn_02       $$$$$$$$$$$$$$$$$$$$$$$$$ startTestCase 
2018-04-27 16:42:27,538 INFO  [Log] **************************************************************************************** startTestCase 
2018-04-27 16:42:27,538 INFO  [Log] **************************************************************************************** startTestCase 
2018-04-27 16:42:27,539 ERROR [Log] Class Utils | Method getCellData | Exception desc : null error 
2018-04-27 16:42:27,540 INFO  [ActionKeywords] Opening Browser openBrowser 
2018-04-27 16:42:32,156 INFO  [ActionKeywords] IE browser started openBrowser 
2018-04-27 16:42:32,261 INFO  [ActionKeywords] Navigating to URL navigate 
2018-04-27 16:42:39,821 INFO  [ActionKeywords] Entering the text in txtbx_Email input 
2018-04-27 16:42:39,821 ERROR [Log] Not able to Enter UserName --- null error 
2018-04-27 16:42:39,885 INFO  [ActionKeywords] Entering the text in txtbx_Password input 
2018-04-27 16:42:39,885 ERROR [Log] Not able to Enter UserName --- null error 
2018-04-27 16:42:39,951 INFO  [ActionKeywords] Clicking on Webelement btn_LogIn click 
2018-04-27 16:42:39,952 ERROR [Log] Not able to click --- null error 
2018-04-27 16:42:40,019 INFO  [ActionKeywords] Wait for 5 seconds waitFor 
2018-04-27 16:42:45,247 INFO  [ActionKeywords] Printing Text present in : lbl_LoggedInUser printText 
2018-04-27 16:42:45,248 ERROR [Log] Not able to click --- null error 
2018-04-27 16:42:45,335 INFO  [ActionKeywords] Clicking on Webelement btn_LogOut click 
2018-04-27 16:42:45,335 ERROR [Log] Not able to click --- null error 
2018-04-27 16:42:45,461 INFO  [ActionKeywords] Closing the browser closeBrowser 
2018-04-27 16:42:47,196 INFO  [Log] XXXXXXXXXXXXXXXXXXXXXXX             -E---N---D-             XXXXXXXXXXXXXXXXXXXXXX endTestCase 
2018-04-27 16:42:47,196 INFO  [Log] X endTestCase 
2018-04-27 16:42:47,197 INFO  [Log] X endTestCase 
2018-04-27 16:42:47,197 INFO  [Log] X endTestCase 
2018-04-27 16:42:47,197 INFO  [Log] X endTestCase 
2018-04-27 16:43:39,766 INFO  [Log] **************************************************************************************** startTestCase 
2018-04-27 16:43:39,771 INFO  [Log] **************************************************************************************** startTestCase 
2018-04-27 16:43:39,771 INFO  [Log] $$$$$$$$$$$$$$$$$$$$$                 LogIn_01       $$$$$$$$$$$$$$$$$$$$$$$$$ startTestCase 
2018-04-27 16:43:39,771 INFO  [Log] **************************************************************************************** startTestCase 
2018-04-27 16:43:39,771 INFO  [Log] **************************************************************************************** startTestCase 
2018-04-27 16:43:39,775 INFO  [ActionKeywords] Opening Browser openBrowser 
2018-04-27 16:43:43,807 INFO  [ActionKeywords] IE browser started openBrowser 
2018-04-27 16:43:44,123 INFO  [ActionKeywords] Navigating to URL navigate 
2018-04-27 16:44:19,666 INFO  [ActionKeywords] Entering the text in txtbx_Email input 
2018-04-27 16:45:43,741 INFO  [Log] **************************************************************************************** startTestCase 
2018-04-27 16:45:43,745 INFO  [Log] **************************************************************************************** startTestCase 
2018-04-27 16:45:43,745 INFO  [Log] $$$$$$$$$$$$$$$$$$$$$                 LogIn_01       $$$$$$$$$$$$$$$$$$$$$$$$$ startTestCase 
2018-04-27 16:45:43,746 INFO  [Log] **************************************************************************************** startTestCase 
2018-04-27 16:45:43,746 INFO  [Log] **************************************************************************************** startTestCase 
2018-04-27 16:45:43,750 INFO  [ActionKeywords] Opening Browser openBrowser 
2018-04-27 16:45:48,497 INFO  [ActionKeywords] IE browser started openBrowser 
2018-04-27 16:45:48,805 INFO  [ActionKeywords] Navigating to URL navigate 
2018-04-27 16:46:00,650 INFO  [ActionKeywords] Entering the text in txtbx_Email input 
2018-04-27 16:48:33,617 INFO  [Log] **************************************************************************************** startTestCase 
2018-04-27 16:48:33,646 INFO  [Log] **************************************************************************************** startTestCase 
2018-04-27 16:48:33,647 INFO  [Log] $$$$$$$$$$$$$$$$$$$$$                 LogIn_01       $$$$$$$$$$$$$$$$$$$$$$$$$ startTestCase 
2018-04-27 16:48:33,647 INFO  [Log] **************************************************************************************** startTestCase 
2018-04-27 16:48:33,648 INFO  [Log] **************************************************************************************** startTestCase 
2018-04-27 16:48:33,650 INFO  [ActionKeywords] Opening Browser openBrowser 
2018-04-27 16:48:38,629 INFO  [ActionKeywords] IE browser started openBrowser 
2018-04-27 16:48:38,942 INFO  [ActionKeywords] Navigating to URL navigate 
2018-04-27 16:48:46,023 INFO  [ActionKeywords] Entering the text in txtbx_Email input 
2018-04-27 16:48:47,145 INFO  [ActionKeywords] Entering the text in txtbx_Password input 
2018-04-27 16:48:47,949 INFO  [ActionKeywords] Clicking on Webelement btn_LogIn click 
2018-04-27 16:48:48,725 INFO  [ActionKeywords] Wait for 5 seconds waitFor 
2018-04-27 16:48:53,856 INFO  [ActionKeywords] Clicking on Webelement btn_LogOut click 
2018-04-27 16:49:12,703 INFO  [ActionKeywords] Closing the browser closeBrowser 
2018-04-27 16:49:14,359 INFO  [Log] XXXXXXXXXXXXXXXXXXXXXXX             -E---N---D-             XXXXXXXXXXXXXXXXXXXXXX endTestCase 
2018-04-27 16:49:14,360 INFO  [Log] X endTestCase 
2018-04-27 16:49:14,363 INFO  [Log] X endTestCase 
2018-04-27 16:49:14,363 INFO  [Log] X endTestCase 
2018-04-27 16:49:14,363 INFO  [Log] X endTestCase 
2018-04-27 16:49:14,364 INFO  [Log] **************************************************************************************** startTestCase 
2018-04-27 16:49:14,365 INFO  [Log] **************************************************************************************** startTestCase 
2018-04-27 16:49:14,366 INFO  [Log] $$$$$$$$$$$$$$$$$$$$$                 LogIn_02       $$$$$$$$$$$$$$$$$$$$$$$$$ startTestCase 
2018-04-27 16:49:14,367 INFO  [Log] **************************************************************************************** startTestCase 
2018-04-27 16:49:14,368 INFO  [Log] **************************************************************************************** startTestCase 
2018-04-27 16:49:14,369 ERROR [Log] Class Utils | Method getCellData | Exception desc : null error 
2018-04-27 16:49:14,369 INFO  [ActionKeywords] Opening Browser openBrowser 
2018-04-27 16:49:18,904 INFO  [ActionKeywords] IE browser started openBrowser 
2018-04-27 16:49:18,971 INFO  [ActionKeywords] Navigating to URL navigate 
2018-04-27 16:49:27,247 INFO  [ActionKeywords] Entering the text in txtbx_Email input 
2018-04-27 16:49:28,212 INFO  [ActionKeywords] Entering the text in txtbx_Password input 
2018-04-27 16:49:28,902 INFO  [ActionKeywords] Clicking on Webelement btn_LogIn click 
2018-04-27 16:49:29,465 INFO  [ActionKeywords] Wait for 5 seconds waitFor 
2018-04-27 16:49:34,564 INFO  [ActionKeywords] Printing Text present in : lbl_LoggedInUser printText 
2018-04-27 16:49:34,903 INFO  [ActionKeywords] Swapnil Porwal printText 
2018-04-27 16:49:34,936 INFO  [ActionKeywords] Clicking on Webelement btn_LogOut click 
2018-04-27 16:49:35,495 INFO  [ActionKeywords] Closing the browser closeBrowser 
2018-04-27 16:49:36,794 INFO  [Log] XXXXXXXXXXXXXXXXXXXXXXX             -E---N---D-             XXXXXXXXXXXXXXXXXXXXXX endTestCase 
2018-04-27 16:49:36,794 INFO  [Log] X endTestCase 
2018-04-27 16:49:36,794 INFO  [Log] X endTestCase 
2018-04-27 16:49:36,795 INFO  [Log] X endTestCase 
2018-04-27 16:49:36,795 INFO  [Log] X endTestCase 
2018-04-27 16:50:23,957 INFO  [Log] **************************************************************************************** startTestCase 
2018-04-27 16:50:23,961 INFO  [Log] **************************************************************************************** startTestCase 
2018-04-27 16:50:23,961 INFO  [Log] $$$$$$$$$$$$$$$$$$$$$                 LogIn_01       $$$$$$$$$$$$$$$$$$$$$$$$$ startTestCase 
2018-04-27 16:50:23,961 INFO  [Log] **************************************************************************************** startTestCase 
2018-04-27 16:50:23,962 INFO  [Log] **************************************************************************************** startTestCase 
2018-04-27 16:50:23,964 INFO  [ActionKeywords] Opening Browser openBrowser 
2018-04-27 16:50:28,509 INFO  [ActionKeywords] IE browser started openBrowser 
2018-04-27 16:50:28,839 INFO  [ActionKeywords] Navigating to URL navigate 
2018-04-27 16:50:36,422 INFO  [ActionKeywords] Entering the text in txtbx_Email input 
2018-04-27 16:53:26,215 INFO  [Log] **************************************************************************************** startTestCase 
2018-04-27 16:53:26,218 INFO  [Log] **************************************************************************************** startTestCase 
2018-04-27 16:53:26,219 INFO  [Log] $$$$$$$$$$$$$$$$$$$$$                 LogIn_01       $$$$$$$$$$$$$$$$$$$$$$$$$ startTestCase 
2018-04-27 16:53:26,219 INFO  [Log] **************************************************************************************** startTestCase 
2018-04-27 16:53:26,219 INFO  [Log] **************************************************************************************** startTestCase 
2018-04-27 16:53:26,222 INFO  [ActionKeywords] Opening Browser openBrowser 
2018-04-27 16:53:30,147 INFO  [ActionKeywords] IE browser started openBrowser 
2018-04-27 16:53:30,461 INFO  [ActionKeywords] Navigating to URL navigate 
2018-04-27 16:53:38,054 INFO  [ActionKeywords] Entering the text in txtbx_Email input 
2018-04-27 16:53:39,025 INFO  [ActionKeywords] Entering the text in txtbx_Password input 
2018-04-27 16:53:39,727 INFO  [ActionKeywords] Clicking on Webelement btn_LogIn click 
2018-04-27 16:53:40,446 INFO  [ActionKeywords] Wait for 5 seconds waitFor 
2018-04-27 16:53:45,553 INFO  [ActionKeywords] Clicking on Webelement btn_LogOut click 
2018-04-27 16:53:46,145 INFO  [ActionKeywords] Closing the browser closeBrowser 
2018-04-27 16:53:47,728 INFO  [Log] XXXXXXXXXXXXXXXXXXXXXXX             -E---N---D-             XXXXXXXXXXXXXXXXXXXXXX endTestCase 
2018-04-27 16:53:47,729 INFO  [Log] X endTestCase 
2018-04-27 16:53:47,740 INFO  [Log] X endTestCase 
2018-04-27 16:53:47,740 INFO  [Log] X endTestCase 
2018-04-27 16:53:47,741 INFO  [Log] X endTestCase 
2018-04-27 16:53:47,742 INFO  [Log] **************************************************************************************** startTestCase 
2018-04-27 16:53:47,743 INFO  [Log] **************************************************************************************** startTestCase 
2018-04-27 16:53:47,743 INFO  [Log] $$$$$$$$$$$$$$$$$$$$$                 LogIn_02       $$$$$$$$$$$$$$$$$$$$$$$$$ startTestCase 
2018-04-27 16:53:47,743 INFO  [Log] **************************************************************************************** startTestCase 
2018-04-27 16:53:47,744 INFO  [Log] **************************************************************************************** startTestCase 
2018-04-27 16:53:47,747 ERROR [Log] Class Utils | Method getCellData | Exception desc : null error 
2018-04-27 16:53:47,762 INFO  [ActionKeywords] Opening Browser openBrowser 
2018-04-27 16:53:51,567 INFO  [ActionKeywords] IE browser started openBrowser 
2018-04-27 16:53:51,634 INFO  [ActionKeywords] Navigating to URL navigate 
2018-04-27 16:53:59,600 INFO  [ActionKeywords] Entering the text in txtbx_Email input 
2018-04-27 16:54:00,526 INFO  [ActionKeywords] Entering the text in txtbx_Password input 
2018-04-27 16:54:01,186 INFO  [ActionKeywords] Clicking on Webelement btn_LogIn click 
2018-04-27 16:54:01,723 INFO  [ActionKeywords] Wait for 5 seconds waitFor 
2018-04-27 16:54:06,813 INFO  [ActionKeywords] Printing Text present in : lbl_LoggedInUser printText 
2018-04-27 16:54:07,110 INFO  [ActionKeywords] Swapnil Porwal printText 
2018-04-27 16:54:07,149 INFO  [ActionKeywords] Clicking on Webelement btn_LogOut click 
2018-04-27 16:54:07,770 INFO  [ActionKeywords] Closing the browser closeBrowser 
2018-04-27 16:54:09,163 INFO  [Log] XXXXXXXXXXXXXXXXXXXXXXX             -E---N---D-             XXXXXXXXXXXXXXXXXXXXXX endTestCase 
2018-04-27 16:54:09,163 INFO  [Log] X endTestCase 
2018-04-27 16:54:09,163 INFO  [Log] X endTestCase 
2018-04-27 16:54:09,163 INFO  [Log] X endTestCase 
2018-04-27 16:54:09,164 INFO  [Log] X endTestCase 
